<?xml version="1.0" encoding="UTF-8"?>
<!-- Generated by org.testng.reporters.JUnitXMLReporter -->
<testsuite hostname="LAPTOP-5228LSQF" ignored="0" name="test1" tests="6" failures="0" timestamp="2020-10-12T12:30:33 AEDT" time="155.077" errors="0">
  <testcase name="loginTest" time="37.172" classname="com.nopcommerce.testCases.TC_LoginTest_001"/>
  <testcase name="loginTest" time="20.051" classname="com.nopcommerce.testCases.TC_LoginDDT_002"/>
  <testcase name="loginTest" time="11.993" classname="com.nopcommerce.testCases.TC_LoginDDT_002"/>
  <testcase name="loginTest" time="11.225" classname="com.nopcommerce.testCases.TC_LoginDDT_002"/>
  <testcase name="loginTest" time="11.161" classname="com.nopcommerce.testCases.TC_LoginDDT_002"/>
  <testcase name="addNewCustomer" time="34.572" classname="com.nopcommerce.testCases.TC_AddCustomerTest_003"/>
</testsuite> <!-- test1 -->
